\BOOKMARK [1][-]{section*.1}{FICHA DE REGISTRO DE TRABAJO DE TITULACI\323N}{}% 1
\BOOKMARK [1][-]{section*.2}{APROBACI\323N DEL TUTOR}{}% 2
\BOOKMARK [1][-]{section*.3}{DEDICATORIA}{}% 3
\BOOKMARK [1][-]{section*.4}{AGRADECIMIENTO}{}% 4
\BOOKMARK [1][-]{section*.5}{TRIBUNAL DE PROYECTO DE TITULACI\323N}{}% 5
\BOOKMARK [1][-]{section*.6}{DECLARACI\323N EXPRESA}{}% 6
\BOOKMARK [1][-]{section*.7}{CESI\323N DE DERECHOS DE AUTOR}{}% 7
\BOOKMARK [1][-]{section*.8}{CERTIFICADO DE ACEPTACI\323N DEL TUTOR\(A\)}{}% 8
\BOOKMARK [1][-]{section*.9}{AUTORIZACI\323N PARA PUBLICACI\323N DE PROYECTO DE TITULACI\323N EN FORMATO DIGITAL}{}% 9
\BOOKMARK [1][-]{section*.10}{\315NDICE GENERAL}{}% 10
\BOOKMARK [1][-]{section*.12}{\315NDICE DE TABLAS}{}% 11
\BOOKMARK [1][-]{section*.14}{\315NDICE DE FIGURAS}{}% 12
\BOOKMARK [1][-]{section*.16}{ABREVIATURAS}{}% 13
\BOOKMARK [1][-]{section*.17}{SIMBOLOG\315A}{}% 14
\BOOKMARK [1][-]{section*.18}{RESUMEN}{}% 15
\BOOKMARK [1][-]{section*.19}{ABSTRACT}{}% 16
\BOOKMARK [1][-]{section*.20}{INTRODUCCI\323N}{}% 17
\BOOKMARK [1][-]{section*.21}{CAP\315TULO I - PLANTEAMIENTO DEL PROBLEMA}{}% 18
\BOOKMARK [1][-]{section*.22}{=Descripci\363n de la situaci\363n problem\341tica}{}% 19
\BOOKMARK [2][-]{section*.23}{Ubicaci\363n del problema en un contexto}{section*.22}% 20
\BOOKMARK [2][-]{section*.24}{Situaci\363n conflicto nudos cr\355ticos}{section*.22}% 21
\BOOKMARK [2][-]{section*.25}{Delimitaci\363n del problema}{section*.22}% 22
\BOOKMARK [2][-]{section*.27}{Evaluaci\363n del roblema}{section*.22}% 23
\BOOKMARK [1][-]{section*.28}{=Causas y consecuencias del problema}{}% 24
\BOOKMARK [1][-]{section*.30}{=Formulaci\363n del problema}{}% 25
\BOOKMARK [1][-]{section*.31}{=Objetivos del proyecto}{}% 26
\BOOKMARK [2][-]{section*.32}{Objetivo general}{section*.31}% 27
\BOOKMARK [2][-]{section*.34}{Objetivo espec\355ficos}{section*.31}% 28
\BOOKMARK [1][-]{section*.35}{=Alcance del proyecto}{}% 29
\BOOKMARK [1][-]{section*.36}{=Justificaci\363n e importancia}{}% 30
\BOOKMARK [1][-]{section*.37}{=Limitaciones del estudio}{}% 31
\BOOKMARK [1][-]{section*.38}{CAP\315TULO II - MARCO TE\323RICO}{}% 32
\BOOKMARK [1][-]{section*.39}{=Antecedentes del estudio}{}% 33
\BOOKMARK [1][-]{section*.40}{=Fundamentaci\363n te\363rica}{}% 34
\BOOKMARK [1][-]{section*.42}{=Revisiones sistem\341ticas}{}% 35
\BOOKMARK [2][-]{section*.43}{Meta-an\341lisis}{section*.42}% 36
\BOOKMARK [1][-]{section*.44}{=Hip\363tesis / Preguntas cient\355ficas a contestarse}{}% 37
\BOOKMARK [1][-]{section*.45}{=Variables de la investigaci\363n}{}% 38
\BOOKMARK [1][-]{section*.46}{=Definiciones conceptuales}{}% 39
\BOOKMARK [1][-]{section*.47}{CAP\315TULO III - METODOLOG\315A DE LA INVESTIGACI\323N}{}% 40
\BOOKMARK [1][-]{section*.48}{=Modalidad de la investigaci\363n}{}% 41
\BOOKMARK [1][-]{section*.49}{=Tipo de investigaci\363n}{}% 42
\BOOKMARK [1][-]{section*.51}{=Dise\361o metodol\363gico de la investigaci\363n}{}% 43
\BOOKMARK [2][-]{section*.52}{Metodolog\355a de investigaci\363n}{section*.51}% 44
\BOOKMARK [3][-]{section*.53}{Poblaci\363n y muestra}{section*.52}% 45
\BOOKMARK [3][-]{section*.56}{Procesamiento y an\341lisis}{section*.52}% 46
\BOOKMARK [4][-]{section*.57}{T\351cnicas de recolecci\363n de datos}{section*.56}% 47
\BOOKMARK [4][-]{section*.58}{T\351cnicas estad\355sticas para el procesamiento de la informaci\363n}{section*.56}% 48
\BOOKMARK [1][-]{section*.61}{Metodolog\355a de gesti\363n del proyecto \(opcional\)}{}% 49
\BOOKMARK [2][-]{section*.62}{Etapas de la metodolog\355a del proyecto }{section*.61}% 50
\BOOKMARK [1][-]{section*.63}{Metodolog\355a de desarrollo de prototipo \(Opcional\)}{}% 51
\BOOKMARK [1][-]{section*.64}{Beneficiarios directos e indirectos del proyecto}{}% 52
\BOOKMARK [1][-]{section*.65}{Entregables del proyecto}{}% 53
\BOOKMARK [1][-]{section*.66}{=Propuesta}{}% 54
\BOOKMARK [1][-]{section*.67}{Criterios de validaci\363n de la propuesta}{}% 55
\BOOKMARK [1][-]{section*.69}{Resultados}{}% 56
\BOOKMARK [1][-]{section*.71}{CAP\315TULO IV - CONCLUSIONES Y RECOMENDACIONES}{}% 57
\BOOKMARK [1][-]{section*.72}{=Conclusiones}{}% 58
\BOOKMARK [1][-]{section*.73}{=Recomendaciones}{}% 59
\BOOKMARK [1][-]{section*.74}{=Trabajos futuros}{}% 60
\BOOKMARK [1][-]{section*.75}{REFERENCIAS BIBLIOGR\301FICAS}{}% 61
\BOOKMARK [1][-]{section*.76}{BIBLIOGRAF\315A}{}% 62
\BOOKMARK [1][-]{section*.77}{ANEXOS}{}% 63
\BOOKMARK [2][-]{section*.78}{Anexo 1. Planificaci\363n de actividades del proyecto}{section*.77}% 64
\BOOKMARK [2][-]{section*.79}{Anexo 2. Geo-localizaci\363n del problema}{section*.77}% 65
\BOOKMARK [2][-]{section*.80}{Anexo 3. Carta de autorizaci\363n del proyecto}{section*.77}% 66
\BOOKMARK [2][-]{section*.81}{Anexo 4. Fundamentaci\363n legal}{section*.77}% 67
\BOOKMARK [2][-]{section*.84}{Anexo 5. Criterios \351ticos a utilizarse en el desarrollo del proyecto}{section*.77}% 68
\BOOKMARK [2][-]{section*.86}{Anexo 6. Formato de t\351cnicas de recolecci\363n de datos aplicadas}{section*.77}% 69
\BOOKMARK [2][-]{section*.87}{Anexo 7. Validaci\363n de expertos}{section*.77}% 70
\BOOKMARK [2][-]{section*.89}{Anexo 8. Bases de datos para an\341lisis estad\355stico \(Opcional\)}{section*.77}% 71
\BOOKMARK [2][-]{section*.90}{Anexo 9. Diagramas de casos de uso \(Dependiendo de la metodolog\355a que aplique en el proyecto\)}{section*.77}% 72
\BOOKMARK [2][-]{section*.91}{Anexo 10. Acta de entrega y recepci\363n definitiva}{section*.77}% 73
\BOOKMARK [2][-]{section*.92}{Anexo 11. Carta de uso de software \(Aplica seg\372n se requiera\)}{section*.77}% 74
\BOOKMARK [2][-]{section*.93}{Anexo 12. Evidencias fotogr\341ficas adicionales \(Opcional\)}{section*.77}% 75
\BOOKMARK [2][-]{section*.95}{Anexo 13. Manual t\351cnico}{section*.77}% 76
\BOOKMARK [2][-]{section*.96}{Anexo 14. Manual de usuario}{section*.77}% 77
\BOOKMARK [2][-]{section*.97}{Anexo 15. Art\355culo cient\355fico}{section*.77}% 78
